<?xml version="1.0" encoding="UTF-8"?>
<!-- Generated by org.testng.reporters.JUnitReportReporter -->
<testsuite skipped="0" hostname="LAPTOP-OI9FLFD4" name="testCases.TravelTicketTest" tests="1" failures="0" timestamp="2020-08-17T02:55:39 IST" time="531.481" errors="1">
  <testcase name="verifyDateInNextPageTest" time="531.481" classname="testCases.TravelTicketTest">
    <error type="org.openqa.selenium.ElementClickInterceptedException" message="element click intercepted: Element &lt;span class=&quot;tgl-btn&quot;&gt;&lt;/span&gt; is not clickable at point (524, 3). Other element would receive the click: &lt;label for=&quot;from1&quot; class=&quot;lbl block prominent&quot;&gt;...&lt;/label&gt;
  (Session info: chrome=84.0.4147.125)
Build info: version: &#039;3.141.59&#039;, revision: &#039;e82be7d358&#039;, time: &#039;2018-11-14T08:17:03&#039;
System info: host: &#039;LAPTOP-OI9FLFD4&#039;, ip: &#039;192.168.52.1&#039;, os.name: &#039;Windows 10&#039;, os.arch: &#039;amd64&#039;, os.version: &#039;10.0&#039;, java.version: &#039;1.8.0_171&#039;
Driver info: org.openqa.selenium.chrome.ChromeDriver
Capabilities {acceptInsecureCerts: false, browserName: chrome, browserVersion: 84.0.4147.125, chrome: {chromedriverVersion: 84.0.4147.30 (48b3e868b4cc0..., userDataDir: C:\Users\Jaydeep\AppData\Lo...}, goog:chromeOptions: {debuggerAddress: localhost:57383}, javascriptEnabled: true, networkConnectionEnabled: false, pageLoadStrategy: normal, platform: WINDOWS, platformName: WINDOWS, proxy: Proxy(), setWindowRect: true, strictFileInteractability: false, timeouts: {implicit: 0, pageLoad: 300000, script: 30000}, unhandledPromptBehavior: dismiss and notify, webauthn:virtualAuthenticators: true}
Session ID: a3740fd103d0593678bbb87c339c6b4f">
      <![CDATA[org.openqa.selenium.ElementClickInterceptedException: element click intercepted: Element <span class="tgl-btn"></span> is not clickable at point (524, 3). Other element would receive the click: <label for="from1" class="lbl block prominent">...</label>
  (Session info: chrome=84.0.4147.125)
Build info: version: '3.141.59', revision: 'e82be7d358', time: '2018-11-14T08:17:03'
System info: host: 'LAPTOP-OI9FLFD4', ip: '192.168.52.1', os.name: 'Windows 10', os.arch: 'amd64', os.version: '10.0', java.version: '1.8.0_171'
Driver info: org.openqa.selenium.chrome.ChromeDriver
Capabilities {acceptInsecureCerts: false, browserName: chrome, browserVersion: 84.0.4147.125, chrome: {chromedriverVersion: 84.0.4147.30 (48b3e868b4cc0..., userDataDir: C:\Users\Jaydeep\AppData\Lo...}, goog:chromeOptions: {debuggerAddress: localhost:57383}, javascriptEnabled: true, networkConnectionEnabled: false, pageLoadStrategy: normal, platform: WINDOWS, platformName: WINDOWS, proxy: Proxy(), setWindowRect: true, strictFileInteractability: false, timeouts: {implicit: 0, pageLoad: 300000, script: 30000}, unhandledPromptBehavior: dismiss and notify, webauthn:virtualAuthenticators: true}
Session ID: a3740fd103d0593678bbb87c339c6b4f
at sun.reflect.NativeConstructorAccessorImpl.newInstance0(Native Method)
at sun.reflect.NativeConstructorAccessorImpl.newInstance(NativeConstructorAccessorImpl.java:62)
at sun.reflect.DelegatingConstructorAccessorImpl.newInstance(DelegatingConstructorAccessorImpl.java:45)
at java.lang.reflect.Constructor.newInstance(Constructor.java:423)
at org.openqa.selenium.remote.http.W3CHttpResponseCodec.createException(W3CHttpResponseCodec.java:187)
at org.openqa.selenium.remote.http.W3CHttpResponseCodec.decode(W3CHttpResponseCodec.java:122)
at org.openqa.selenium.remote.http.W3CHttpResponseCodec.decode(W3CHttpResponseCodec.java:49)
at org.openqa.selenium.remote.HttpCommandExecutor.execute(HttpCommandExecutor.java:158)
at org.openqa.selenium.remote.service.DriverCommandExecutor.execute(DriverCommandExecutor.java:83)
at org.openqa.selenium.remote.RemoteWebDriver.execute(RemoteWebDriver.java:552)
at org.openqa.selenium.remote.RemoteWebElement.execute(RemoteWebElement.java:285)
at org.openqa.selenium.remote.RemoteWebElement.click(RemoteWebElement.java:84)
at sun.reflect.GeneratedMethodAccessor1.invoke(Unknown Source)
at sun.reflect.DelegatingMethodAccessorImpl.invoke(DelegatingMethodAccessorImpl.java:43)
at java.lang.reflect.Method.invoke(Method.java:498)
at org.openqa.selenium.support.pagefactory.internal.LocatingElementHandler.invoke(LocatingElementHandler.java:51)
at com.sun.proxy.$Proxy9.click(Unknown Source)
at Pages.TravelTicket.chooseTravelMode(TravelTicket.java:39)
at Pages.TravelTicket.chooseTravelMode(TravelTicket.java:40)
at Pages.TravelTicket.chooseTravelMode(TravelTicket.java:40)
at Pages.TravelTicket.chooseTravelMode(TravelTicket.java:40)
at Pages.TravelTicket.chooseTravelMode(TravelTicket.java:40)
at Pages.TravelTicket.chooseTravelMode(TravelTicket.java:40)
at Pages.TravelTicket.chooseTravelMode(TravelTicket.java:40)
at Pages.TravelTicket.chooseTravelMode(TravelTicket.java:40)
at Pages.TravelTicket.chooseTravelMode(TravelTicket.java:40)
at Pages.TravelTicket.chooseTravelMode(TravelTicket.java:40)
at Pages.TravelTicket.chooseTravelMode(TravelTicket.java:40)
at Pages.TravelTicket.chooseTravelMode(TravelTicket.java:40)
at Pages.TravelTicket.chooseTravelMode(TravelTicket.java:40)
at Pages.TravelTicket.chooseTravelMode(TravelTicket.java:40)
at Pages.TravelTicket.chooseTravelMode(TravelTicket.java:40)
at Pages.TravelTicket.chooseTravelMode(TravelTicket.java:40)
at Pages.TravelTicket.chooseTravelMode(TravelTicket.java:40)
at Pages.TravelTicket.chooseTravelMode(TravelTicket.java:40)
at Pages.TravelTicket.chooseTravelMode(TravelTicket.java:40)
at Pages.TravelTicket.chooseTravelMode(TravelTicket.java:40)
at Pages.TravelTicket.chooseTravelMode(TravelTicket.java:40)
at Pages.TravelTicket.chooseTravelMode(TravelTicket.java:40)
at Pages.TravelTicket.chooseTravelMode(TravelTicket.java:40)
at Pages.TravelTicket.chooseTravelMode(TravelTicket.java:40)
at Pages.TravelTicket.chooseTravelMode(TravelTicket.java:40)
at Pages.TravelTicket.chooseTravelMode(TravelTicket.java:40)
at Pages.TravelTicket.chooseTravelMode(TravelTicket.java:40)
at Pages.TravelTicket.chooseTravelMode(TravelTicket.java:40)
at Pages.TravelTicket.chooseTravelMode(TravelTicket.java:40)
at Pages.TravelTicket.chooseTravelMode(TravelTicket.java:40)
at Pages.TravelTicket.chooseTravelMode(TravelTicket.java:40)
at Pages.TravelTicket.chooseTravelMode(TravelTicket.java:40)
at Pages.TravelTicket.chooseTravelMode(TravelTicket.java:40)
at Pages.TravelTicket.chooseTravelMode(TravelTicket.java:40)
at Pages.TravelTicket.chooseTravelMode(TravelTicket.java:40)
at Pages.TravelTicket.chooseTravelMode(TravelTicket.java:40)
at Pages.TravelTicket.chooseTravelMode(TravelTicket.java:40)
at Pages.TravelTicket.chooseTravelMode(TravelTicket.java:40)
at Pages.TravelTicket.chooseTravelMode(TravelTicket.java:40)
at Pages.TravelTicket.chooseTravelMode(TravelTicket.java:40)
at Pages.TravelTicket.chooseTravelMode(TravelTicket.java:40)
at Pages.TravelTicket.chooseTravelMode(TravelTicket.java:40)
at Pages.TravelTicket.chooseTravelMode(TravelTicket.java:40)
at Pages.TravelTicket.chooseTravelMode(TravelTicket.java:40)
at Pages.TravelTicket.chooseTravelMode(TravelTicket.java:40)
at Pages.TravelTicket.chooseTravelMode(TravelTicket.java:40)
at Pages.TravelTicket.chooseTravelMode(TravelTicket.java:40)
at Pages.TravelTicket.chooseTravelMode(TravelTicket.java:40)
at Pages.TravelTicket.chooseTravelMode(TravelTicket.java:40)
at Pages.TravelTicket.chooseTravelMode(TravelTicket.java:40)
at Pages.TravelTicket.chooseTravelMode(TravelTicket.java:40)
at Pages.TravelTicket.chooseTravelMode(TravelTicket.java:40)
at Pages.TravelTicket.chooseTravelMode(TravelTicket.java:40)
at Pages.TravelTicket.chooseTravelMode(TravelTicket.java:40)
at Pages.TravelTicket.chooseTravelMode(TravelTicket.java:40)
at Pages.TravelTicket.chooseTravelMode(TravelTicket.java:40)
at Pages.TravelTicket.chooseTravelMode(TravelTicket.java:40)
at Pages.TravelTicket.chooseTravelMode(TravelTicket.java:40)
at Pages.TravelTicket.chooseTravelMode(TravelTicket.java:40)
at Pages.TravelTicket.chooseTravelMode(TravelTicket.java:40)
at Pages.TravelTicket.chooseTravelMode(TravelTicket.java:40)
at Pages.TravelTicket.chooseTravelMode(TravelTicket.java:40)
at Pages.TravelTicket.chooseTravelMode(TravelTicket.java:40)
at Pages.TravelTicket.chooseTravelMode(TravelTicket.java:40)
at Pages.TravelTicket.chooseTravelMode(TravelTicket.java:40)
at Pages.TravelTicket.chooseTravelMode(TravelTicket.java:40)
at Pages.TravelTicket.chooseTravelMode(TravelTicket.java:40)
at Pages.TravelTicket.chooseTravelMode(TravelTicket.java:40)
at Pages.TravelTicket.chooseTravelMode(TravelTicket.java:40)
at Pages.TravelTicket.chooseTravelMode(TravelTicket.java:40)
at Pages.TravelTicket.chooseTravelMode(TravelTicket.java:40)
at Pages.TravelTicket.chooseTravelMode(TravelTicket.java:40)
at Pages.TravelTicket.chooseTravelMode(TravelTicket.java:40)
at Pages.TravelTicket.chooseTravelMode(TravelTicket.java:40)
at Pages.TravelTicket.chooseTravelMode(TravelTicket.java:40)
at Pages.TravelTicket.chooseTravelMode(TravelTicket.java:40)
at Pages.TravelTicket.chooseTravelMode(TravelTicket.java:40)
at Pages.TravelTicket.chooseTravelMode(TravelTicket.java:40)
at Pages.TravelTicket.chooseTravelMode(TravelTicket.java:40)
at Pages.TravelTicket.chooseTravelMode(TravelTicket.java:40)
at Pages.TravelTicket.chooseTravelMode(TravelTicket.java:40)
at Pages.TravelTicket.chooseTravelMode(TravelTicket.java:40)
at Pages.TravelTicket.chooseTravelMode(TravelTicket.java:40)
at Pages.TravelTicket.chooseTravelMode(TravelTicket.java:40)
at Pages.TravelTicket.chooseTravelMode(TravelTicket.java:40)
at Pages.TravelTicket.chooseTravelMode(TravelTicket.java:40)
at Pages.TravelTicket.chooseTravelMode(TravelTicket.java:40)
at Pages.TravelTicket.chooseTravelMode(TravelTicket.java:40)
at Pages.TravelTicket.chooseTravelMode(TravelTicket.java:40)
at Pages.TravelTicket.chooseTravelMode(TravelTicket.java:40)
at Pages.TravelTicket.chooseTravelMode(TravelTicket.java:40)
at Pages.TravelTicket.chooseTravelMode(TravelTicket.java:40)
at Pages.TravelTicket.chooseTravelMode(TravelTicket.java:40)
at Pages.TravelTicket.chooseTravelMode(TravelTicket.java:40)
at Pages.TravelTicket.chooseTravelMode(TravelTicket.java:40)
at Pages.TravelTicket.chooseTravelMode(TravelTicket.java:40)
at Pages.TravelTicket.chooseTravelMode(TravelTicket.java:40)
at Pages.TravelTicket.chooseTravelMode(TravelTicket.java:40)
at Pages.TravelTicket.chooseTravelMode(TravelTicket.java:40)
at Pages.TravelTicket.chooseTravelMode(TravelTicket.java:40)
at Pages.TravelTicket.chooseTravelMode(TravelTicket.java:40)
at Pages.TravelTicket.chooseTravelMode(TravelTicket.java:40)
at Pages.TravelTicket.chooseTravelMode(TravelTicket.java:40)
at Pages.TravelTicket.chooseTravelMode(TravelTicket.java:40)
at Pages.TravelTicket.chooseTravelMode(TravelTicket.java:40)
at Pages.TravelTicket.chooseTravelMode(TravelTicket.java:40)
at Pages.TravelTicket.chooseTravelMode(TravelTicket.java:40)
at Pages.TravelTicket.chooseTravelMode(TravelTicket.java:40)
at Pages.TravelTicket.chooseTravelMode(TravelTicket.java:40)
at Pages.TravelTicket.chooseTravelMode(TravelTicket.java:40)
at Pages.TravelTicket.chooseTravelMode(TravelTicket.java:40)
at Pages.TravelTicket.chooseTravelMode(TravelTicket.java:40)
at Pages.TravelTicket.chooseTravelMode(TravelTicket.java:40)
at Pages.TravelTicket.chooseTravelMode(TravelTicket.java:40)
at Pages.TravelTicket.chooseTravelMode(TravelTicket.java:40)
at Pages.TravelTicket.chooseTravelMode(TravelTicket.java:40)
at Pages.TravelTicket.chooseTravelMode(TravelTicket.java:40)
at Pages.TravelTicket.chooseTravelMode(TravelTicket.java:40)
at Pages.TravelTicket.chooseTravelMode(TravelTicket.java:40)
at Pages.TravelTicket.chooseTravelMode(TravelTicket.java:40)
at Pages.TravelTicket.chooseTravelMode(TravelTicket.java:40)
at Pages.TravelTicket.chooseTravelMode(TravelTicket.java:40)
at Pages.TravelTicket.chooseTravelMode(TravelTicket.java:40)
at Pages.TravelTicket.chooseTravelMode(TravelTicket.java:40)
at Pages.TravelTicket.chooseTravelMode(TravelTicket.java:40)
at Pages.TravelTicket.chooseTravelMode(TravelTicket.java:40)
at Pages.TravelTicket.chooseTravelMode(TravelTicket.java:40)
at Pages.TravelTicket.chooseTravelMode(TravelTicket.java:40)
at Pages.TravelTicket.chooseTravelMode(TravelTicket.java:40)
at Pages.TravelTicket.chooseTravelMode(TravelTicket.java:40)
at Pages.TravelTicket.chooseTravelMode(TravelTicket.java:40)
at Pages.TravelTicket.chooseTravelMode(TravelTicket.java:40)
at Pages.TravelTicket.chooseTravelMode(TravelTicket.java:40)
at Pages.TravelTicket.chooseTravelMode(TravelTicket.java:40)
at Pages.TravelTicket.chooseTravelMode(TravelTicket.java:40)
at Pages.TravelTicket.chooseTravelMode(TravelTicket.java:40)
at Pages.TravelTicket.chooseTravelMode(TravelTicket.java:40)
at Pages.TravelTicket.chooseTravelMode(TravelTicket.java:40)
at Pages.TravelTicket.chooseTravelMode(TravelTicket.java:40)
at Pages.TravelTicket.chooseTravelMode(TravelTicket.java:40)
at Pages.TravelTicket.chooseTravelMode(TravelTicket.java:40)
at Pages.TravelTicket.chooseTravelMode(TravelTicket.java:40)
at Pages.TravelTicket.chooseTravelMode(TravelTicket.java:40)
at Pages.TravelTicket.chooseTravelMode(TravelTicket.java:40)
at Pages.TravelTicket.chooseTravelMode(TravelTicket.java:40)
at Pages.TravelTicket.chooseTravelMode(TravelTicket.java:40)
at Pages.TravelTicket.chooseTravelMode(TravelTicket.java:40)
at Pages.TravelTicket.chooseTravelMode(TravelTicket.java:40)
at Pages.TravelTicket.chooseTravelMode(TravelTicket.java:40)
at Pages.TravelTicket.chooseTravelMode(TravelTicket.java:40)
at Pages.TravelTicket.chooseTravelMode(TravelTicket.java:40)
at Pages.TravelTicket.chooseTravelMode(TravelTicket.java:40)
at Pages.TravelTicket.chooseTravelMode(TravelTicket.java:40)
at Pages.TravelTicket.chooseTravelMode(TravelTicket.java:40)
at Pages.TravelTicket.chooseTravelMode(TravelTicket.java:40)
at Pages.TravelTicket.chooseTravelMode(TravelTicket.java:40)
at Pages.TravelTicket.chooseTravelMode(TravelTicket.java:40)
at Pages.TravelTicket.chooseTravelMode(TravelTicket.java:40)
at Pages.TravelTicket.chooseTravelMode(TravelTicket.java:40)
at Pages.TravelTicket.chooseTravelMode(TravelTicket.java:40)
at Pages.TravelTicket.chooseTravelMode(TravelTicket.java:40)
at Pages.TravelTicket.chooseTravelMode(TravelTicket.java:40)
at Pages.TravelTicket.chooseTravelMode(TravelTicket.java:40)
at Pages.TravelTicket.chooseTravelMode(TravelTicket.java:40)
at Pages.TravelTicket.chooseTravelMode(TravelTicket.java:40)
at Pages.TravelTicket.chooseTravelMode(TravelTicket.java:40)
at Pages.TravelTicket.chooseTravelMode(TravelTicket.java:40)
at Pages.TravelTicket.chooseTravelMode(TravelTicket.java:40)
at Pages.TravelTicket.chooseTravelMode(TravelTicket.java:40)
at Pages.TravelTicket.chooseTravelMode(TravelTicket.java:40)
at Pages.TravelTicket.chooseTravelMode(TravelTicket.java:40)
at Pages.TravelTicket.chooseTravelMode(TravelTicket.java:40)
at Pages.TravelTicket.chooseTravelMode(TravelTicket.java:40)
at Pages.TravelTicket.chooseTravelMode(TravelTicket.java:40)
at Pages.TravelTicket.chooseTravelMode(TravelTicket.java:40)
at Pages.TravelTicket.chooseTravelMode(TravelTicket.java:40)
at Pages.TravelTicket.chooseTravelMode(TravelTicket.java:40)
at Pages.TravelTicket.chooseTravelMode(TravelTicket.java:40)
at Pages.TravelTicket.chooseTravelMode(TravelTicket.java:40)
at Pages.TravelTicket.chooseTravelMode(TravelTicket.java:40)
at Pages.TravelTicket.chooseTravelMode(TravelTicket.java:40)
at Pages.TravelTicket.chooseTravelMode(TravelTicket.java:40)
at Pages.TravelTicket.chooseTravelMode(TravelTicket.java:40)
at Pages.TravelTicket.chooseTravelMode(TravelTicket.java:40)
at Pages.TravelTicket.chooseTravelMode(TravelTicket.java:40)
at Pages.TravelTicket.chooseTravelMode(TravelTicket.java:40)
at Pages.TravelTicket.chooseTravelMode(TravelTicket.java:40)
at Pages.TravelTicket.chooseTravelMode(TravelTicket.java:40)
at Pages.TravelTicket.chooseTravelMode(TravelTicket.java:40)
at Pages.TravelTicket.chooseTravelMode(TravelTicket.java:40)
at Pages.TravelTicket.chooseTravelMode(TravelTicket.java:40)
at Pages.TravelTicket.chooseTravelMode(TravelTicket.java:40)
at Pages.TravelTicket.chooseTravelMode(TravelTicket.java:40)
at Pages.TravelTicket.chooseTravelMode(TravelTicket.java:40)
at Pages.TravelTicket.chooseTravelMode(TravelTicket.java:40)
at Pages.TravelTicket.chooseTravelMode(TravelTicket.java:40)
at Pages.TravelTicket.chooseTravelMode(TravelTicket.java:40)
at Pages.TravelTicket.chooseTravelMode(TravelTicket.java:40)
at Pages.TravelTicket.chooseTravelMode(TravelTicket.java:40)
at Pages.TravelTicket.chooseTravelMode(TravelTicket.java:40)
at Pages.TravelTicket.chooseTravelMode(TravelTicket.java:40)
at Pages.TravelTicket.chooseTravelMode(TravelTicket.java:40)
at Pages.TravelTicket.chooseTravelMode(TravelTicket.java:40)
at Pages.TravelTicket.chooseTravelMode(TravelTicket.java:40)
at Pages.TravelTicket.chooseTravelMode(TravelTicket.java:40)
at Pages.TravelTicket.chooseTravelMode(TravelTicket.java:40)
at Pages.TravelTicket.chooseTravelMode(TravelTicket.java:40)
at Pages.TravelTicket.chooseTravelMode(TravelTicket.java:40)
at Pages.TravelTicket.chooseTravelMode(TravelTicket.java:40)
at Pages.TravelTicket.chooseTravelMode(TravelTicket.java:40)
at Pages.TravelTicket.chooseTravelMode(TravelTicket.java:40)
at Pages.TravelTicket.chooseTravelMode(TravelTicket.java:40)
at Pages.TravelTicket.chooseTravelMode(TravelTicket.java:40)
at Pages.TravelTicket.chooseTravelMode(TravelTicket.java:40)
at Pages.TravelTicket.chooseTravelMode(TravelTicket.java:40)
at Pages.TravelTicket.chooseTravelMode(TravelTicket.java:40)
at Pages.TravelTicket.chooseTravelMode(TravelTicket.java:40)
at Pages.TravelTicket.chooseTravelMode(TravelTicket.java:40)
at Pages.TravelTicket.chooseTravelMode(TravelTicket.java:40)
at Pages.TravelTicket.chooseTravelMode(TravelTicket.java:40)
at Pages.TravelTicket.chooseTravelMode(TravelTicket.java:40)
at Pages.TravelTicket.chooseTravelMode(TravelTicket.java:40)
at Pages.TravelTicket.chooseTravelMode(TravelTicket.java:40)
at Pages.TravelTicket.chooseTravelMode(TravelTicket.java:40)
at Pages.TravelTicket.chooseTravelMode(TravelTicket.java:40)
at Pages.TravelTicket.chooseTravelMode(TravelTicket.java:40)
at Pages.TravelTicket.chooseTravelMode(TravelTicket.java:40)
at Pages.TravelTicket.chooseTravelMode(TravelTicket.java:40)
at Pages.TravelTicket.chooseTravelMode(TravelTicket.java:40)
at Pages.TravelTicket.chooseTravelMode(TravelTicket.java:40)
at Pages.TravelTicket.chooseTravelMode(TravelTicket.java:40)
at Pages.TravelTicket.chooseTravelMode(TravelTicket.java:40)
at Pages.TravelTicket.chooseTravelMode(TravelTicket.java:40)
at Pages.TravelTicket.chooseTravelMode(TravelTicket.java:40)
at Pages.TravelTicket.chooseTravelMode(TravelTicket.java:40)
at Pages.TravelTicket.chooseTravelMode(TravelTicket.java:40)
at Pages.TravelTicket.chooseTravelMode(TravelTicket.java:40)
at Pages.TravelTicket.chooseTravelMode(TravelTicket.java:40)
at Pages.TravelTicket.chooseTravelMode(TravelTicket.java:40)
at Pages.TravelTicket.chooseTravelMode(TravelTicket.java:40)
at Pages.TravelTicket.chooseTravelMode(TravelTicket.java:40)
at Pages.TravelTicket.chooseTravelMode(TravelTicket.java:40)
at Pages.TravelTicket.chooseTravelMode(TravelTicket.java:40)
at Pages.TravelTicket.chooseTravelMode(TravelTicket.java:40)
at Pages.TravelTicket.chooseTravelMode(TravelTicket.java:40)
at Pages.TravelTicket.chooseTravelMode(TravelTicket.java:40)
at Pages.TravelTicket.chooseTravelMode(TravelTicket.java:40)
at Pages.TravelTicket.chooseTravelMode(TravelTicket.java:40)
at Pages.TravelTicket.chooseTravelMode(TravelTicket.java:40)
at Pages.TravelTicket.chooseTravelMode(TravelTicket.java:40)
at Pages.TravelTicket.chooseTravelMode(TravelTicket.java:40)
at Pages.TravelTicket.chooseTravelMode(TravelTicket.java:40)
at Pages.TravelTicket.chooseTravelMode(TravelTicket.java:40)
at Pages.TravelTicket.chooseTravelMode(TravelTicket.java:40)
at Pages.TravelTicket.chooseTravelMode(TravelTicket.java:40)
at Pages.TravelTicket.chooseTravelMode(TravelTicket.java:40)
at Pages.TravelTicket.chooseTravelMode(TravelTicket.java:40)
at Pages.TravelTicket.chooseTravelMode(TravelTicket.java:40)
at Pages.TravelTicket.chooseTravelMode(TravelTicket.java:40)
at Pages.TravelTicket.chooseTravelMode(TravelTicket.java:40)
at Pages.TravelTicket.chooseTravelMode(TravelTicket.java:40)
at Pages.TravelTicket.chooseTravelMode(TravelTicket.java:40)
at Pages.TravelTicket.chooseTravelMode(TravelTicket.java:40)
at Pages.TravelTicket.chooseTravelMode(TravelTicket.java:40)
at Pages.TravelTicket.chooseTravelMode(TravelTicket.java:40)
at Pages.TravelTicket.chooseTravelMode(TravelTicket.java:40)
at Pages.TravelTicket.chooseTravelMode(TravelTicket.java:40)
at Pages.TravelTicket.chooseTravelMode(TravelTicket.java:40)
at Pages.TravelTicket.chooseTravelMode(TravelTicket.java:40)
at Pages.TravelTicket.chooseTravelMode(TravelTicket.java:40)
at Pages.TravelTicket.chooseTravelMode(TravelTicket.java:40)
at Pages.TravelTicket.chooseTravelMode(TravelTicket.java:40)
at Pages.TravelTicket.chooseTravelMode(TravelTicket.java:40)
at Pages.TravelTicket.chooseTravelMode(TravelTicket.java:40)
at Pages.TravelTicket.chooseTravelMode(TravelTicket.java:40)
at Pages.TravelTicket.chooseTravelMode(TravelTicket.java:40)
at Pages.TravelTicket.chooseTravelMode(TravelTicket.java:40)
at Pages.TravelTicket.chooseTravelMode(TravelTicket.java:40)
at Pages.TravelTicket.chooseTravelMode(TravelTicket.java:40)
at Pages.TravelTicket.chooseTravelMode(TravelTicket.java:40)
at Pages.TravelTicket.chooseTravelMode(TravelTicket.java:40)
at Pages.TravelTicket.chooseTravelMode(TravelTicket.java:40)
at Pages.TravelTicket.chooseTravelMode(TravelTicket.java:40)
at Pages.TravelTicket.chooseTravelMode(TravelTicket.java:40)
at Pages.TravelTicket.chooseTravelMode(TravelTicket.java:40)
at Pages.TravelTicket.chooseTravelMode(TravelTicket.java:40)
at Pages.TravelTicket.chooseTravelMode(TravelTicket.java:40)
at Pages.TravelTicket.chooseTravelMode(TravelTicket.java:40)
at Pages.TravelTicket.chooseTravelMode(TravelTicket.java:40)
at Pages.TravelTicket.chooseTravelMode(TravelTicket.java:40)
at Pages.TravelTicket.chooseTravelMode(TravelTicket.java:40)
at Pages.TravelTicket.chooseTravelMode(TravelTicket.java:40)
at Pages.TravelTicket.chooseTravelMode(TravelTicket.java:40)
at Pages.TravelTicket.chooseTravelMode(TravelTicket.java:40)
at Pages.TravelTicket.chooseTravelMode(TravelTicket.java:40)
at Pages.TravelTicket.chooseTravelMode(TravelTicket.java:40)
at Pages.TravelTicket.chooseTravelMode(TravelTicket.java:40)
at Pages.TravelTicket.chooseTravelMode(TravelTicket.java:40)
at Pages.TravelTicket.chooseTravelMode(TravelTicket.java:40)
at Pages.TravelTicket.chooseTravelMode(TravelTicket.java:40)
at Pages.TravelTicket.chooseTravelMode(TravelTicket.java:40)
at Pages.TravelTicket.chooseTravelMode(TravelTicket.java:40)
at Pages.TravelTicket.chooseTravelMode(TravelTicket.java:40)
at Pages.TravelTicket.chooseTravelMode(TravelTicket.java:40)
at Pages.TravelTicket.chooseTravelMode(TravelTicket.java:40)
at Pages.TravelTicket.chooseTravelMode(TravelTicket.java:40)
at Pages.TravelTicket.chooseTravelMode(TravelTicket.java:40)
at Pages.TravelTicket.chooseTravelMode(TravelTicket.java:40)
at Pages.TravelTicket.chooseTravelMode(TravelTicket.java:40)
at Pages.TravelTicket.chooseTravelMode(TravelTicket.java:40)
at Pages.TravelTicket.chooseTravelMode(TravelTicket.java:40)
at Pages.TravelTicket.chooseTravelMode(TravelTicket.java:40)
at Pages.TravelTicket.chooseTravelMode(TravelTicket.java:40)
at Pages.TravelTicket.chooseTravelMode(TravelTicket.java:40)
at Pages.TravelTicket.chooseTravelMode(TravelTicket.java:40)
at Pages.TravelTicket.chooseTravelMode(TravelTicket.java:40)
at Pages.TravelTicket.chooseTravelMode(TravelTicket.java:40)
at Pages.TravelTicket.chooseTravelMode(TravelTicket.java:40)
at Pages.TravelTicket.chooseTravelMode(TravelTicket.java:40)
at Pages.TravelTicket.chooseTravelMode(TravelTicket.java:40)
at Pages.TravelTicket.chooseTravelMode(TravelTicket.java:40)
at Pages.TravelTicket.chooseTravelMode(TravelTicket.java:40)
at Pages.TravelTicket.chooseTravelMode(TravelTicket.java:40)
at Pages.TravelTicket.chooseTravelMode(TravelTicket.java:40)
at Pages.TravelTicket.chooseTravelMode(TravelTicket.java:40)
at Pages.TravelTicket.chooseTravelMode(TravelTicket.java:40)
at Pages.TravelTicket.chooseTravelMode(TravelTicket.java:40)
at Pages.TravelTicket.chooseTravelMode(TravelTicket.java:40)
at Pages.TravelTicket.chooseTravelMode(TravelTicket.java:40)
at Pages.TravelTicket.chooseTravelMode(TravelTicket.java:40)
at Pages.TravelTicket.chooseTravelMode(TravelTicket.java:40)
at Pages.TravelTicket.chooseTravelMode(TravelTicket.java:40)
at Pages.TravelTicket.chooseTravelMode(TravelTicket.java:40)
at Pages.TravelTicket.chooseTravelMode(TravelTicket.java:40)
at Pages.TravelTicket.chooseTravelMode(TravelTicket.java:40)
at Pages.TravelTicket.chooseTravelMode(TravelTicket.java:40)
at Pages.TravelTicket.chooseTravelMode(TravelTicket.java:40)
at Pages.TravelTicket.chooseTravelMode(TravelTicket.java:40)
at Pages.TravelTicket.chooseTravelMode(TravelTicket.java:40)
at Pages.TravelTicket.chooseTravelMode(TravelTicket.java:40)
at Pages.TravelTicket.chooseTravelMode(TravelTicket.java:40)
at Pages.TravelTicket.chooseTravelMode(TravelTicket.java:40)
at Pages.TravelTicket.chooseTravelMode(TravelTicket.java:40)
at Pages.TravelTicket.chooseTravelMode(TravelTicket.java:40)
at Pages.TravelTicket.chooseTravelMode(TravelTicket.java:40)
at Pages.TravelTicket.chooseTravelMode(TravelTicket.java:40)
at Pages.TravelTicket.chooseTravelMode(TravelTicket.java:40)
at Pages.TravelTicket.chooseTravelMode(TravelTicket.java:40)
at Pages.TravelTicket.chooseTravelMode(TravelTicket.java:40)
at Pages.TravelTicket.chooseTravelMode(TravelTicket.java:40)
at Pages.TravelTicket.chooseTravelMode(TravelTicket.java:40)
at Pages.TravelTicket.chooseTravelMode(TravelTicket.java:40)
at Pages.TravelTicket.chooseTravelMode(TravelTicket.java:40)
at Pages.TravelTicket.chooseTravelMode(TravelTicket.java:40)
at Pages.TravelTicket.chooseTravelMode(TravelTicket.java:40)
at Pages.TravelTicket.chooseTravelMode(TravelTicket.java:40)
at Pages.TravelTicket.chooseTravelMode(TravelTicket.java:40)
at Pages.TravelTicket.chooseTravelMode(TravelTicket.java:40)
at Pages.TravelTicket.chooseTravelMode(TravelTicket.java:40)
at Pages.TravelTicket.chooseTravelMode(TravelTicket.java:40)
at Pages.TravelTicket.chooseTravelMode(TravelTicket.java:40)
at Pages.TravelTicket.chooseTravelMode(TravelTicket.java:40)
at Pages.TravelTicket.chooseTravelMode(TravelTicket.java:40)
at Pages.TravelTicket.chooseTravelMode(TravelTicket.java:40)
at Pages.TravelTicket.chooseTravelMode(TravelTicket.java:40)
at Pages.TravelTicket.chooseTravelMode(TravelTicket.java:40)
at Pages.TravelTicket.chooseTravelMode(TravelTicket.java:40)
at Pages.TravelTicket.chooseTravelMode(TravelTicket.java:40)
at Pages.TravelTicket.chooseTravelMode(TravelTicket.java:40)
at Pages.TravelTicket.chooseTravelMode(TravelTicket.java:40)
at Pages.TravelTicket.chooseTravelMode(TravelTicket.java:40)
at Pages.TravelTicket.chooseTravelMode(TravelTicket.java:40)
at Pages.TravelTicket.chooseTravelMode(TravelTicket.java:40)
at Pages.TravelTicket.chooseTravelMode(TravelTicket.java:40)
at Pages.TravelTicket.chooseTravelMode(TravelTicket.java:40)
at Pages.TravelTicket.chooseTravelMode(TravelTicket.java:40)
at Pages.TravelTicket.chooseTravelMode(TravelTicket.java:40)
at Pages.TravelTicket.chooseTravelMode(TravelTicket.java:40)
at Pages.TravelTicket.chooseTravelMode(TravelTicket.java:40)
at Pages.TravelTicket.chooseTravelMode(TravelTicket.java:40)
at Pages.TravelTicket.chooseTravelMode(TravelTicket.java:40)
at Pages.TravelTicket.chooseTravelMode(TravelTicket.java:40)
at Pages.TravelTicket.chooseTravelMode(TravelTicket.java:40)
at Pages.TravelTicket.chooseTravelMode(TravelTicket.java:40)
at Pages.TravelTicket.chooseTravelMode(TravelTicket.java:40)
at Pages.TravelTicket.chooseTravelMode(TravelTicket.java:40)
at Pages.TravelTicket.chooseTravelMode(TravelTicket.java:40)
at Pages.TravelTicket.chooseTravelMode(TravelTicket.java:40)
at Pages.TravelTicket.chooseTravelMode(TravelTicket.java:40)
at Pages.TravelTicket.chooseTravelMode(TravelTicket.java:40)
at Pages.TravelTicket.chooseTravelMode(TravelTicket.java:40)
at Pages.TravelTicket.chooseTravelMode(TravelTicket.java:40)
at Pages.TravelTicket.chooseTravelMode(TravelTicket.java:40)
at Pages.TravelTicket.chooseTravelMode(TravelTicket.java:40)
at Pages.TravelTicket.chooseTravelMode(TravelTicket.java:40)
at Pages.TravelTicket.chooseTravelMode(TravelTicket.java:40)
at Pages.TravelTicket.chooseTravelMode(TravelTicket.java:40)
at Pages.TravelTicket.chooseTravelMode(TravelTicket.java:40)
at Pages.TravelTicket.chooseTravelMode(TravelTicket.java:40)
at Pages.TravelTicket.chooseTravelMode(TravelTicket.java:40)
at Pages.TravelTicket.chooseTravelMode(TravelTicket.java:40)
at Pages.TravelTicket.chooseTravelMode(TravelTicket.java:40)
at Pages.TravelTicket.chooseTravelMode(TravelTicket.java:40)
at Pages.TravelTicket.chooseTravelMode(TravelTicket.java:40)
at Pages.TravelTicket.chooseTravelMode(TravelTicket.java:40)
at Pages.TravelTicket.chooseTravelMode(TravelTicket.java:40)
at Pages.TravelTicket.chooseTravelMode(TravelTicket.java:40)
at Pages.TravelTicket.chooseTravelMode(TravelTicket.java:40)
at Pages.TravelTicket.chooseTravelMode(TravelTicket.java:40)
at Pages.TravelTicket.chooseTravelMode(TravelTicket.java:40)
at Pages.TravelTicket.chooseTravelMode(TravelTicket.java:40)
at Pages.TravelTicket.chooseTravelMode(TravelTicket.java:40)
at Pages.TravelTicket.chooseTravelMode(TravelTicket.java:40)
at Pages.TravelTicket.chooseTravelMode(TravelTicket.java:40)
at Pages.TravelTicket.chooseTravelMode(TravelTicket.java:40)
at Pages.TravelTicket.chooseTravelMode(TravelTicket.java:40)
at Pages.TravelTicket.chooseTravelMode(TravelTicket.java:40)
at Pages.TravelTicket.chooseTravelMode(TravelTicket.java:40)
at Pages.TravelTicket.chooseTravelMode(TravelTicket.java:40)
at Pages.TravelTicket.chooseTravelMode(TravelTicket.java:40)
at Pages.TravelTicket.chooseTravelMode(TravelTicket.java:40)
at Pages.TravelTicket.chooseTravelMode(TravelTicket.java:40)
at Pages.TravelTicket.chooseTravelMode(TravelTicket.java:40)
at Pages.TravelTicket.chooseTravelMode(TravelTicket.java:40)
at Pages.TravelTicket.chooseTravelMode(TravelTicket.java:40)
at Pages.TravelTicket.chooseTravelMode(TravelTicket.java:40)
at Pages.TravelTicket.chooseTravelMode(TravelTicket.java:40)
at Pages.TravelTicket.chooseTravelMode(TravelTicket.java:40)
at Pages.TravelTicket.chooseTravelMode(TravelTicket.java:40)
at Pages.TravelTicket.chooseTravelMode(TravelTicket.java:40)
at Pages.TravelTicket.chooseTravelMode(TravelTicket.java:40)
at Pages.TravelTicket.chooseTravelMode(TravelTicket.java:40)
at Pages.TravelTicket.chooseTravelMode(TravelTicket.java:40)
at Pages.TravelTicket.chooseTravelMode(TravelTicket.java:40)
at Pages.TravelTicket.chooseTravelMode(TravelTicket.java:40)
at Pages.TravelTicket.chooseTravelMode(TravelTicket.java:40)
at Pages.TravelTicket.chooseTravelMode(TravelTicket.java:40)
at Pages.TravelTicket.chooseTravelMode(TravelTicket.java:40)
at Pages.TravelTicket.chooseTravelMode(TravelTicket.java:40)
at Pages.TravelTicket.chooseTravelMode(TravelTicket.java:40)
at Pages.TravelTicket.chooseTravelMode(TravelTicket.java:40)
at Pages.TravelTicket.chooseTravelMode(TravelTicket.java:40)
at Pages.TravelTicket.chooseTravelMode(TravelTicket.java:40)
at Pages.TravelTicket.chooseTravelMode(TravelTicket.java:40)
at Pages.TravelTicket.chooseTravelMode(TravelTicket.java:40)
at Pages.TravelTicket.chooseTravelMode(TravelTicket.java:40)
at Pages.TravelTicket.chooseTravelMode(TravelTicket.java:40)
at Pages.TravelTicket.chooseTravelMode(TravelTicket.java:40)
at Pages.TravelTicket.chooseTravelMode(TravelTicket.java:40)
at Pages.TravelTicket.chooseTravelMode(TravelTicket.java:40)
at Pages.TravelTicket.chooseTravelMode(TravelTicket.java:40)
at Pages.TravelTicket.chooseTravelMode(TravelTicket.java:40)
at Pages.TravelTicket.chooseTravelMode(TravelTicket.java:40)
at Pages.TravelTicket.chooseTravelMode(TravelTicket.java:40)
at Pages.TravelTicket.chooseTravelMode(TravelTicket.java:40)
at Pages.TravelTicket.chooseTravelMode(TravelTicket.java:40)
at Pages.TravelTicket.chooseTravelMode(TravelTicket.java:40)
at Pages.TravelTicket.chooseTravelMode(TravelTicket.java:40)
at Pages.TravelTicket.chooseTravelMode(TravelTicket.java:40)
at Pages.TravelTicket.chooseTravelMode(TravelTicket.java:40)
at Pages.TravelTicket.chooseTravelMode(TravelTicket.java:40)
at Pages.TravelTicket.chooseTravelMode(TravelTicket.java:40)
at Pages.TravelTicket.chooseTravelMode(TravelTicket.java:40)
at Pages.TravelTicket.chooseTravelMode(TravelTicket.java:40)
at Pages.TravelTicket.chooseTravelMode(TravelTicket.java:40)
at Pages.TravelTicket.chooseTravelMode(TravelTicket.java:40)
at Pages.TravelTicket.chooseTravelMode(TravelTicket.java:40)
at Pages.TravelTicket.chooseTravelMode(TravelTicket.java:40)
at Pages.TravelTicket.chooseTravelMode(TravelTicket.java:40)
at Pages.TravelTicket.chooseTravelMode(TravelTicket.java:40)
at Pages.TravelTicket.chooseTravelMode(TravelTicket.java:40)
at Pages.TravelTicket.chooseTravelMode(TravelTicket.java:40)
at Pages.TravelTicket.chooseTravelMode(TravelTicket.java:40)
at Pages.TravelTicket.chooseTravelMode(TravelTicket.java:40)
at Pages.TravelTicket.chooseTravelMode(TravelTicket.java:40)
at Pages.TravelTicket.chooseTravelMode(TravelTicket.java:40)
at Pages.TravelTicket.chooseTravelMode(TravelTicket.java:40)
at Pages.TravelTicket.chooseTravelMode(TravelTicket.java:40)
at Pages.TravelTicket.chooseTravelMode(TravelTicket.java:40)
at Pages.TravelTicket.chooseTravelMode(TravelTicket.java:40)
at Pages.TravelTicket.chooseTravelMode(TravelTicket.java:40)
at Pages.TravelTicket.chooseTravelMode(TravelTicket.java:40)
at Pages.TravelTicket.chooseTravelMode(TravelTicket.java:40)
at Pages.TravelTicket.chooseTravelMode(TravelTicket.java:40)
at Pages.TravelTicket.chooseTravelMode(TravelTicket.java:40)
at Pages.TravelTicket.chooseTravelMode(TravelTicket.java:40)
at Pages.TravelTicket.chooseTravelMode(TravelTicket.java:40)
at Pages.TravelTicket.chooseTravelMode(TravelTicket.java:40)
at Pages.TravelTicket.chooseTravelMode(TravelTicket.java:40)
at Pages.TravelTicket.chooseTravelMode(TravelTicket.java:40)
at Pages.TravelTicket.chooseTravelMode(TravelTicket.java:40)
at Pages.TravelTicket.chooseTravelMode(TravelTicket.java:40)
at Pages.TravelTicket.chooseTravelMode(TravelTicket.java:40)
at Pages.TravelTicket.chooseTravelMode(TravelTicket.java:40)
at Pages.TravelTicket.chooseTravelMode(TravelTicket.java:40)
at Pages.TravelTicket.chooseTravelMode(TravelTicket.java:40)
at Pages.TravelTicket.chooseTravelMode(TravelTicket.java:40)
at Pages.TravelTicket.chooseTravelMode(TravelTicket.java:40)
at Pages.TravelTicket.chooseTravelMode(TravelTicket.java:40)
at Pages.TravelTicket.chooseTravelMode(TravelTicket.java:40)
at Pages.TravelTicket.chooseTravelMode(TravelTicket.java:40)
at Pages.TravelTicket.chooseTravelMode(TravelTicket.java:40)
at Pages.TravelTicket.chooseTravelMode(TravelTicket.java:40)
at Pages.TravelTicket.chooseTravelMode(TravelTicket.java:40)
at Pages.TravelTicket.chooseTravelMode(TravelTicket.java:40)
at Pages.TravelTicket.chooseTravelMode(TravelTicket.java:40)
at Pages.TravelTicket.chooseTravelMode(TravelTicket.java:40)
at Pages.TravelTicket.chooseTravelMode(TravelTicket.java:40)
at Pages.TravelTicket.chooseTravelMode(TravelTicket.java:40)
at Pages.TravelTicket.chooseTravelMode(TravelTicket.java:40)
at Pages.TravelTicket.chooseTravelMode(TravelTicket.java:40)
at Pages.TravelTicket.chooseTravelMode(TravelTicket.java:40)
at Pages.TravelTicket.chooseTravelMode(TravelTicket.java:40)
at Pages.TravelTicket.chooseTravelMode(TravelTicket.java:40)
at Pages.TravelTicket.chooseTravelMode(TravelTicket.java:40)
at Pages.TravelTicket.chooseTravelMode(TravelTicket.java:40)
at Pages.TravelTicket.chooseTravelMode(TravelTicket.java:40)
at Pages.TravelTicket.chooseTravelMode(TravelTicket.java:40)
at Pages.TravelTicket.chooseTravelMode(TravelTicket.java:40)
at Pages.TravelTicket.chooseTravelMode(TravelTicket.java:40)
at Pages.TravelTicket.chooseTravelMode(TravelTicket.java:40)
at Pages.TravelTicket.chooseTravelMode(TravelTicket.java:40)
at Pages.TravelTicket.chooseTravelMode(TravelTicket.java:40)
at Pages.TravelTicket.chooseTravelMode(TravelTicket.java:40)
at Pages.TravelTicket.chooseTravelMode(TravelTicket.java:40)
at Pages.TravelTicket.chooseTravelMode(TravelTicket.java:40)
at Pages.TravelTicket.chooseTravelMode(TravelTicket.java:40)
at Pages.TravelTicket.chooseTravelMode(TravelTicket.java:40)
at Pages.TravelTicket.chooseTravelMode(TravelTicket.java:40)
at Pages.TravelTicket.chooseTravelMode(TravelTicket.java:40)
at Pages.TravelTicket.chooseTravelMode(TravelTicket.java:40)
at Pages.TravelTicket.chooseTravelMode(TravelTicket.java:40)
at Pages.TravelTicket.chooseTravelMode(TravelTicket.java:40)
at Pages.TravelTicket.chooseTravelMode(TravelTicket.java:40)
at Pages.TravelTicket.chooseTravelMode(TravelTicket.java:40)
at Pages.TravelTicket.chooseTravelMode(TravelTicket.java:40)
at Pages.TravelTicket.chooseTravelMode(TravelTicket.java:40)
at Pages.TravelTicket.chooseTravelMode(TravelTicket.java:40)
at Pages.TravelTicket.chooseTravelMode(TravelTicket.java:40)
at Pages.TravelTicket.chooseTravelMode(TravelTicket.java:40)
at Pages.TravelTicket.chooseTravelMode(TravelTicket.java:40)
at Pages.TravelTicket.chooseTravelMode(TravelTicket.java:40)
at Pages.TravelTicket.chooseTravelMode(TravelTicket.java:40)
at Pages.TravelTicket.chooseTravelMode(TravelTicket.java:40)
at Pages.TravelTicket.chooseTravelMode(TravelTicket.java:40)
at Pages.TravelTicket.chooseTravelMode(TravelTicket.java:40)
at Pages.TravelTicket.chooseTravelMode(TravelTicket.java:40)
at Pages.TravelTicket.chooseTravelMode(TravelTicket.java:40)
at Pages.TravelTicket.chooseTravelMode(TravelTicket.java:40)
at Pages.TravelTicket.chooseTravelMode(TravelTicket.java:40)
at Pages.TravelTicket.chooseTravelMode(TravelTicket.java:40)
at Pages.TravelTicket.chooseTravelMode(TravelTicket.java:40)
at Pages.TravelTicket.chooseTravelMode(TravelTicket.java:40)
at Pages.TravelTicket.chooseTravelMode(TravelTicket.java:40)
at Pages.TravelTicket.chooseTravelMode(TravelTicket.java:40)
at Pages.TravelTicket.chooseTravelMode(TravelTicket.java:40)
at Pages.TravelTicket.chooseTravelMode(TravelTicket.java:40)
at Pages.TravelTicket.chooseTravelMode(TravelTicket.java:40)
at Pages.TravelTicket.chooseTravelMode(TravelTicket.java:40)
at Pages.TravelTicket.chooseTravelMode(TravelTicket.java:40)
at Pages.TravelTicket.chooseTravelMode(TravelTicket.java:40)
at Pages.TravelTicket.chooseTravelMode(TravelTicket.java:40)
at Pages.TravelTicket.chooseTravelMode(TravelTicket.java:40)
at Pages.TravelTicket.chooseTravelMode(TravelTicket.java:40)
at Pages.TravelTicket.chooseTravelMode(TravelTicket.java:40)
at Pages.TravelTicket.chooseTravelMode(TravelTicket.java:40)
at Pages.TravelTicket.chooseTravelMode(TravelTicket.java:40)
at Pages.TravelTicket.chooseTravelMode(TravelTicket.java:40)
at Pages.TravelTicket.chooseTravelMode(TravelTicket.java:40)
at Pages.TravelTicket.chooseTravelMode(TravelTicket.java:40)
at Pages.TravelTicket.chooseTravelMode(TravelTicket.java:40)
at Pages.TravelTicket.chooseTravelMode(TravelTicket.java:40)
at Pages.TravelTicket.chooseTravelMode(TravelTicket.java:40)
at Pages.TravelTicket.chooseTravelMode(TravelTicket.java:40)
at Pages.TravelTicket.chooseTravelMode(TravelTicket.java:40)
at Pages.TravelTicket.chooseTravelMode(TravelTicket.java:40)
at Pages.TravelTicket.chooseTravelMode(TravelTicket.java:40)
at Pages.TravelTicket.chooseTravelMode(TravelTicket.java:40)
at Pages.TravelTicket.chooseTravelMode(TravelTicket.java:40)
at Pages.TravelTicket.chooseTravelMode(TravelTicket.java:40)
at Pages.TravelTicket.chooseTravelMode(TravelTicket.java:40)
at Pages.TravelTicket.chooseTravelMode(TravelTicket.java:40)
at Pages.TravelTicket.chooseTravelMode(TravelTicket.java:40)
at Pages.TravelTicket.chooseTravelMode(TravelTicket.java:40)
at Pages.TravelTicket.chooseTravelMode(TravelTicket.java:40)
at Pages.TravelTicket.chooseTravelMode(TravelTicket.java:40)
at Pages.TravelTicket.chooseTravelMode(TravelTicket.java:40)
at Pages.TravelTicket.chooseTravelMode(TravelTicket.java:40)
at Pages.TravelTicket.chooseTravelMode(TravelTicket.java:40)
at Pages.TravelTicket.chooseTravelMode(TravelTicket.java:40)
at Pages.TravelTicket.chooseTravelMode(TravelTicket.java:40)
at Pages.TravelTicket.chooseTravelMode(TravelTicket.java:40)
at Pages.TravelTicket.chooseTravelMode(TravelTicket.java:40)
at Pages.TravelTicket.chooseTravelMode(TravelTicket.java:40)
at Pages.TravelTicket.chooseTravelMode(TravelTicket.java:40)
at Pages.TravelTicket.chooseTravelMode(TravelTicket.java:40)
at Pages.TravelTicket.chooseTravelMode(TravelTicket.java:40)
at Pages.TravelTicket.chooseTravelMode(TravelTicket.java:40)
at Pages.TravelTicket.chooseTravelMode(TravelTicket.java:40)
at Pages.TravelTicket.chooseTravelMode(TravelTicket.java:40)
at Pages.TravelTicket.chooseTravelMode(TravelTicket.java:40)
at Pages.TravelTicket.chooseTravelMode(TravelTicket.java:40)
at Pages.TravelTicket.chooseTravelMode(TravelTicket.java:40)
at Pages.TravelTicket.chooseTravelMode(TravelTicket.java:40)
at Pages.TravelTicket.chooseTravelMode(TravelTicket.java:40)
at Pages.TravelTicket.chooseTravelMode(TravelTicket.java:40)
at Pages.TravelTicket.chooseTravelMode(TravelTicket.java:40)
at Pages.TravelTicket.chooseTravelMode(TravelTicket.java:40)
at Pages.TravelTicket.chooseTravelMode(TravelTicket.java:40)
at Pages.TravelTicket.chooseTravelMode(TravelTicket.java:40)
at Pages.TravelTicket.chooseTravelMode(TravelTicket.java:40)
at Pages.TravelTicket.chooseTravelMode(TravelTicket.java:40)
at Pages.TravelTicket.chooseTravelMode(TravelTicket.java:40)
at Pages.TravelTicket.chooseTravelMode(TravelTicket.java:40)
at Pages.TravelTicket.chooseTravelMode(TravelTicket.java:40)
at Pages.TravelTicket.chooseTravelMode(TravelTicket.java:40)
at Pages.TravelTicket.chooseTravelMode(TravelTicket.java:40)
at Pages.TravelTicket.chooseTravelMode(TravelTicket.java:40)
at Pages.TravelTicket.chooseTravelMode(TravelTicket.java:40)
at Pages.TravelTicket.chooseTravelMode(TravelTicket.java:40)
at Pages.TravelTicket.chooseTravelMode(TravelTicket.java:40)
at Pages.TravelTicket.chooseTravelMode(TravelTicket.java:40)
at Pages.TravelTicket.chooseTravelMode(TravelTicket.java:40)
at Pages.TravelTicket.chooseTravelMode(TravelTicket.java:40)
at Pages.TravelTicket.chooseTravelMode(TravelTicket.java:40)
at Pages.TravelTicket.chooseTravelMode(TravelTicket.java:40)
at Pages.TravelTicket.chooseTravelMode(TravelTicket.java:40)
at Pages.TravelTicket.chooseTravelMode(TravelTicket.java:40)
at Pages.TravelTicket.chooseTravelMode(TravelTicket.java:40)
at Pages.TravelTicket.chooseTravelMode(TravelTicket.java:40)
at Pages.TravelTicket.chooseTravelMode(TravelTicket.java:40)
at Pages.TravelTicket.chooseTravelMode(TravelTicket.java:40)
at Pages.TravelTicket.chooseTravelMode(TravelTicket.java:40)
at Pages.TravelTicket.chooseTravelMode(TravelTicket.java:40)
at Pages.TravelTicket.chooseTravelMode(TravelTicket.java:40)
at Pages.TravelTicket.chooseTravelMode(TravelTicket.java:40)
at Pages.TravelTicket.chooseTravelMode(TravelTicket.java:40)
at Pages.TravelTicket.chooseTravelMode(TravelTicket.java:40)
at Pages.TravelTicket.chooseTravelMode(TravelTicket.java:40)
at Pages.TravelTicket.chooseTravelMode(TravelTicket.java:40)
at Pages.TravelTicket.chooseTravelMode(TravelTicket.java:40)
at Pages.TravelTicket.chooseTravelMode(TravelTicket.java:40)
at Pages.TravelTicket.chooseTravelMode(TravelTicket.java:40)
at Pages.TravelTicket.chooseTravelMode(TravelTicket.java:40)
at Pages.TravelTicket.chooseTravelMode(TravelTicket.java:40)
at Pages.TravelTicket.chooseTravelMode(TravelTicket.java:40)
at Pages.TravelTicket.chooseTravelMode(TravelTicket.java:40)
at Pages.TravelTicket.chooseTravelMode(TravelTicket.java:40)
at Pages.TravelTicket.chooseTravelMode(TravelTicket.java:40)
at Pages.TravelTicket.chooseTravelMode(TravelTicket.java:40)
at Pages.TravelTicket.chooseTravelMode(TravelTicket.java:40)
at Pages.TravelTicket.chooseTravelMode(TravelTicket.java:40)
at Pages.TravelTicket.chooseTravelMode(TravelTicket.java:40)
at Pages.TravelTicket.chooseTravelMode(TravelTicket.java:40)
at Pages.TravelTicket.chooseTravelMode(TravelTicket.java:40)
at Pages.TravelTicket.chooseTravelMode(TravelTicket.java:40)
at Pages.TravelTicket.chooseTravelMode(TravelTicket.java:40)
at Pages.TravelTicket.chooseTravelMode(TravelTicket.java:40)
at Pages.TravelTicket.chooseTravelMode(TravelTicket.java:40)
at Pages.TravelTicket.chooseTravelMode(TravelTicket.java:40)
at Pages.TravelTicket.chooseTravelMode(TravelTicket.java:40)
at Pages.TravelTicket.chooseTravelMode(TravelTicket.java:40)
at Pages.TravelTicket.chooseTravelMode(TravelTicket.java:40)
at Pages.TravelTicket.chooseTravelMode(TravelTicket.java:40)
at Pages.TravelTicket.chooseTravelMode(TravelTicket.java:40)
at Pages.TravelTicket.chooseTravelMode(TravelTicket.java:40)
at Pages.TravelTicket.chooseTravelMode(TravelTicket.java:40)
at Pages.TravelTicket.chooseTravelMode(TravelTicket.java:40)
at Pages.TravelTicket.chooseTravelMode(TravelTicket.java:40)
at Pages.TravelTicket.chooseTravelMode(TravelTicket.java:40)
at Pages.TravelTicket.chooseTravelMode(TravelTicket.java:40)
at Pages.TravelTicket.chooseTravelMode(TravelTicket.java:40)
at Pages.TravelTicket.chooseTravelMode(TravelTicket.java:40)
at Pages.TravelTicket.chooseTravelMode(TravelTicket.java:40)
at Pages.TravelTicket.chooseTravelMode(TravelTicket.java:40)
at Pages.TravelTicket.chooseTravelMode(TravelTicket.java:40)
at Pages.TravelTicket.chooseTravelMode(TravelTicket.java:40)
at Pages.TravelTicket.chooseTravelMode(TravelTicket.java:40)
at Pages.TravelTicket.chooseTravelMode(TravelTicket.java:40)
at Pages.TravelTicket.chooseTravelMode(TravelTicket.java:40)
at Pages.TravelTicket.chooseTravelMode(TravelTicket.java:40)
at Pages.TravelTicket.chooseTravelMode(TravelTicket.java:40)
at Pages.TravelTicket.chooseTravelMode(TravelTicket.java:40)
at Pages.TravelTicket.chooseTravelMode(TravelTicket.java:40)
at Pages.TravelTicket.chooseTravelMode(TravelTicket.java:40)
at Pages.TravelTicket.chooseTravelMode(TravelTicket.java:40)
at Pages.TravelTicket.chooseTravelMode(TravelTicket.java:40)
at Pages.TravelTicket.chooseTravelMode(TravelTicket.java:40)
at Pages.TravelTicket.chooseTravelMode(TravelTicket.java:40)
at Pages.TravelTicket.chooseTravelMode(TravelTicket.java:40)
at Pages.TravelTicket.chooseTravelMode(TravelTicket.java:40)
at Pages.TravelTicket.chooseTravelMode(TravelTicket.java:40)
at Pages.TravelTicket.chooseTravelMode(TravelTicket.java:40)
at Pages.TravelTicket.chooseTravelMode(TravelTicket.java:40)
at Pages.TravelTicket.chooseTravelMode(TravelTicket.java:40)
at Pages.TravelTicket.chooseTravelMode(TravelTicket.java:40)
at Pages.TravelTicket.chooseTravelMode(TravelTicket.java:40)
at Pages.TravelTicket.chooseTravelMode(TravelTicket.java:40)
at Pages.TravelTicket.chooseTravelMode(TravelTicket.java:40)
at Pages.TravelTicket.chooseTravelMode(TravelTicket.java:40)
at Pages.TravelTicket.chooseTravelMode(TravelTicket.java:40)
at Pages.TravelTicket.chooseTravelMode(TravelTicket.java:40)
at Pages.TravelTicket.chooseTravelMode(TravelTicket.java:40)
at Pages.TravelTicket.chooseTravelMode(TravelTicket.java:40)
at Pages.TravelTicket.chooseTravelMode(TravelTicket.java:40)
at Pages.TravelTicket.chooseTravelMode(TravelTicket.java:40)
at Pages.TravelTicket.chooseTravelMode(TravelTicket.java:40)
at Pages.TravelTicket.chooseTravelMode(TravelTicket.java:40)
at Pages.TravelTicket.chooseTravelMode(TravelTicket.java:40)
at Pages.TravelTicket.chooseTravelMode(TravelTicket.java:40)
at Pages.TravelTicket.chooseTravelMode(TravelTicket.java:40)
at Pages.TravelTicket.chooseTravelMode(TravelTicket.java:40)
at Pages.TravelTicket.chooseTravelMode(TravelTicket.java:40)
at Pages.TravelTicket.chooseTravelMode(TravelTicket.java:40)
at Pages.TravelTicket.chooseTravelMode(TravelTicket.java:40)
at Pages.TravelTicket.chooseTravelMode(TravelTicket.java:40)
at Pages.TravelTicket.chooseTravelMode(TravelTicket.java:40)
at Pages.TravelTicket.chooseTravelMode(TravelTicket.java:40)
at Pages.TravelTicket.chooseTravelMode(TravelTicket.java:40)
at Pages.TravelTicket.chooseTravelMode(TravelTicket.java:40)
at Pages.TravelTicket.chooseTravelMode(TravelTicket.java:40)
at Pages.TravelTicket.chooseTravelMode(TravelTicket.java:40)
at Pages.TravelTicket.chooseTravelMode(TravelTicket.java:40)
at Pages.TravelTicket.chooseTravelMode(TravelTicket.java:40)
at Pages.TravelTicket.chooseTravelMode(TravelTicket.java:40)
at Pages.TravelTicket.chooseTravelMode(TravelTicket.java:40)
at Pages.TravelTicket.chooseTravelMode(TravelTicket.java:40)
at Pages.TravelTicket.chooseTravelMode(TravelTicket.java:40)
at Pages.TravelTicket.chooseTravelMode(TravelTicket.java:40)
at Pages.TravelTicket.chooseTravelMode(TravelTicket.java:40)
at Pages.TravelTicket.chooseTravelMode(TravelTicket.java:40)
at Pages.TravelTicket.chooseTravelMode(TravelTicket.java:40)
at Pages.TravelTicket.chooseTravelMode(TravelTicket.java:40)
at Pages.TravelTicket.chooseTravelMode(TravelTicket.java:40)
at Pages.TravelTicket.chooseTravelMode(TravelTicket.java:40)
at Pages.TravelTicket.chooseTravelMode(TravelTicket.java:40)
at Pages.TravelTicket.chooseTravelMode(TravelTicket.java:40)
at Pages.TravelTicket.chooseTravelMode(TravelTicket.java:40)
at Pages.TravelTicket.chooseTravelMode(TravelTicket.java:40)
at Pages.TravelTicket.chooseTravelMode(TravelTicket.java:40)
at Pages.TravelTicket.chooseTravelMode(TravelTicket.java:40)
at Pages.TravelTicket.chooseTravelMode(TravelTicket.java:40)
at Pages.TravelTicket.chooseTravelMode(TravelTicket.java:40)
at Pages.TravelTicket.chooseTravelMode(TravelTicket.java:40)
at Pages.TravelTicket.chooseTravelMode(TravelTicket.java:40)
at Pages.TravelTicket.chooseTravelMode(TravelTicket.java:40)
at Pages.TravelTicket.chooseTravelMode(TravelTicket.java:40)
at Pages.TravelTicket.chooseTravelMode(TravelTicket.java:40)
at Pages.TravelTicket.chooseTravelMode(TravelTicket.java:40)
at Pages.TravelTicket.chooseTravelMode(TravelTicket.java:40)
at Pages.TravelTicket.chooseTravelMode(TravelTicket.java:40)
at Pages.TravelTicket.chooseTravelMode(TravelTicket.java:40)
at Pages.TravelTicket.chooseTravelMode(TravelTicket.java:40)
at Pages.TravelTicket.chooseTravelMode(TravelTicket.java:40)
at Pages.TravelTicket.chooseTravelMode(TravelTicket.java:40)
at Pages.TravelTicket.chooseTravelMode(TravelTicket.java:40)
at Pages.TravelTicket.chooseTravelMode(TravelTicket.java:40)
at Pages.TravelTicket.chooseTravelMode(TravelTicket.java:40)
at Pages.TravelTicket.chooseTravelMode(TravelTicket.java:40)
at Pages.TravelTicket.chooseTravelMode(TravelTicket.java:40)
at Pages.TravelTicket.chooseTravelMode(TravelTicket.java:40)
at Pages.TravelTicket.chooseTravelMode(TravelTicket.java:40)
at Pages.TravelTicket.chooseTravelMode(TravelTicket.java:40)
at Pages.TravelTicket.chooseTravelMode(TravelTicket.java:40)
at Pages.TravelTicket.chooseTravelMode(TravelTicket.java:40)
at Pages.TravelTicket.chooseTravelMode(TravelTicket.java:40)
at Pages.TravelTicket.chooseTravelMode(TravelTicket.java:40)
at Pages.TravelTicket.chooseTravelMode(TravelTicket.java:40)
at Pages.TravelTicket.chooseTravelMode(TravelTicket.java:40)
at Pages.TravelTicket.chooseTravelMode(TravelTicket.java:40)
at Pages.TravelTicket.chooseTravelMode(TravelTicket.java:40)
at Pages.TravelTicket.chooseTravelMode(TravelTicket.java:40)
at Pages.TravelTicket.chooseTravelMode(TravelTicket.java:40)
at Pages.TravelTicket.chooseTravelMode(TravelTicket.java:40)
at Pages.TravelTicket.chooseTravelMode(TravelTicket.java:40)
at Pages.TravelTicket.chooseTravelMode(TravelTicket.java:40)
at Pages.TravelTicket.chooseTravelMode(TravelTicket.java:40)
at Pages.TravelTicket.chooseTravelMode(TravelTicket.java:40)
at Pages.TravelTicket.chooseTravelMode(TravelTicket.java:40)
at Pages.TravelTicket.chooseTravelMode(TravelTicket.java:40)
at Pages.TravelTicket.chooseTravelMode(TravelTicket.java:40)
at Pages.TravelTicket.chooseTravelMode(TravelTicket.java:40)
at Pages.TravelTicket.chooseTravelMode(TravelTicket.java:40)
at Pages.TravelTicket.chooseTravelMode(TravelTicket.java:40)
at Pages.TravelTicket.chooseTravelMode(TravelTicket.java:40)
at Pages.TravelTicket.chooseTravelMode(TravelTicket.java:40)
at Pages.TravelTicket.chooseTravelMode(TravelTicket.java:40)
at Pages.TravelTicket.chooseTravelMode(TravelTicket.java:40)
at Pages.TravelTicket.chooseTravelMode(TravelTicket.java:40)
at Pages.TravelTicket.chooseTravelMode(TravelTicket.java:40)
at Pages.TravelTicket.chooseTravelMode(TravelTicket.java:40)
at Pages.TravelTicket.chooseTravelMode(TravelTicket.java:40)
at Pages.TravelTicket.chooseTravelMode(TravelTicket.java:40)
at Pages.TravelTicket.chooseTravelMode(TravelTicket.java:40)
at Pages.TravelTicket.chooseTravelMode(TravelTicket.java:40)
at Pages.TravelTicket.chooseTravelMode(TravelTicket.java:40)
at Pages.TravelTicket.chooseTravelMode(TravelTicket.java:40)
at Pages.TravelTicket.chooseTravelMode(TravelTicket.java:40)
at Pages.TravelTicket.chooseTravelMode(TravelTicket.java:40)
at Pages.TravelTicket.chooseTravelMode(TravelTicket.java:40)
at Pages.TravelTicket.chooseTravelMode(TravelTicket.java:40)
at Pages.TravelTicket.chooseTravelMode(TravelTicket.java:40)
at Pages.TravelTicket.chooseTravelMode(TravelTicket.java:40)
at Pages.TravelTicket.chooseTravelMode(TravelTicket.java:40)
at Pages.TravelTicket.chooseTravelMode(TravelTicket.java:40)
at Pages.TravelTicket.chooseTravelMode(TravelTicket.java:40)
at Pages.TravelTicket.chooseTravelMode(TravelTicket.java:40)
at Pages.TravelTicket.chooseTravelMode(TravelTicket.java:40)
at Pages.TravelTicket.chooseTravelMode(TravelTicket.java:40)
at Pages.TravelTicket.chooseTravelMode(TravelTicket.java:40)
at Pages.TravelTicket.chooseTravelMode(TravelTicket.java:40)
at Pages.TravelTicket.chooseTravelMode(TravelTicket.java:40)
at Pages.TravelTicket.chooseTravelMode(TravelTicket.java:40)
at Pages.TravelTicket.chooseTravelMode(TravelTicket.java:40)
at Pages.TravelTicket.chooseTravelMode(TravelTicket.java:40)
at Pages.TravelTicket.chooseTravelMode(TravelTicket.java:40)
at Pages.TravelTicket.chooseTravelMode(TravelTicket.java:40)
at Pages.TravelTicket.chooseTravelMode(TravelTicket.java:40)
at Pages.TravelTicket.chooseTravelMode(TravelTicket.java:40)
at Pages.TravelTicket.chooseTravelMode(TravelTicket.java:40)
at Pages.TravelTicket.chooseTravelMode(TravelTicket.java:40)
at Pages.TravelTicket.chooseTravelMode(TravelTicket.java:40)
at Pages.TravelTicket.chooseTravelMode(TravelTicket.java:40)
at Pages.TravelTicket.chooseTravelMode(TravelTicket.java:40)
at Pages.TravelTicket.chooseTravelMode(TravelTicket.java:40)
at Pages.TravelTicket.chooseTravelMode(TravelTicket.java:40)
at Pages.TravelTicket.chooseTravelMode(TravelTicket.java:40)
at Pages.TravelTicket.chooseTravelMode(TravelTicket.java:40)
at Pages.TravelTicket.chooseTravelMode(TravelTicket.java:40)
at Pages.TravelTicket.chooseTravelMode(TravelTicket.java:40)
at Pages.TravelTicket.chooseTravelMode(TravelTicket.java:40)
at Pages.TravelTicket.chooseTravelMode(TravelTicket.java:40)
at Pages.TravelTicket.chooseTravelMode(TravelTicket.java:40)
at Pages.TravelTicket.chooseTravelMode(TravelTicket.java:40)
at Pages.TravelTicket.chooseTravelMode(TravelTicket.java:40)
at Pages.TravelTicket.chooseTravelMode(TravelTicket.java:40)
at Pages.TravelTicket.chooseTravelMode(TravelTicket.java:40)
at Pages.TravelTicket.chooseTravelMode(TravelTicket.java:40)
at Pages.TravelTicket.chooseTravelMode(TravelTicket.java:40)
at Pages.TravelTicket.chooseTravelMode(TravelTicket.java:40)
at Pages.TravelTicket.chooseTravelMode(TravelTicket.java:40)
at Pages.TravelTicket.chooseTravelMode(TravelTicket.java:40)
at Pages.TravelTicket.chooseTravelMode(TravelTicket.java:40)
at Pages.TravelTicket.chooseTravelMode(TravelTicket.java:40)
at Pages.TravelTicket.chooseTravelMode(TravelTicket.java:40)
at Pages.TravelTicket.chooseTravelMode(TravelTicket.java:40)
at Pages.TravelTicket.chooseTravelMode(TravelTicket.java:40)
at Pages.TravelTicket.chooseTravelMode(TravelTicket.java:40)
at Pages.TravelTicket.chooseTravelMode(TravelTicket.java:40)
at Pages.TravelTicket.chooseTravelMode(TravelTicket.java:40)
at Pages.TravelTicket.chooseTravelMode(TravelTicket.java:40)
at Pages.TravelTicket.chooseTravelMode(TravelTicket.java:40)
at Pages.TravelTicket.chooseTravelMode(TravelTicket.java:40)
at Pages.TravelTicket.chooseTravelMode(TravelTicket.java:40)
at Pages.TravelTicket.chooseTravelMode(TravelTicket.java:40)
at Pages.TravelTicket.chooseTravelMode(TravelTicket.java:40)
at Pages.TravelTicket.chooseTravelMode(TravelTicket.java:40)
at Pages.TravelTicket.chooseTravelMode(TravelTicket.java:40)
at Pages.TravelTicket.chooseTravelMode(TravelTicket.java:40)
at Pages.TravelTicket.chooseTravelMode(TravelTicket.java:40)
at Pages.TravelTicket.chooseTravelMode(TravelTicket.java:40)
at Pages.TravelTicket.chooseTravelMode(TravelTicket.java:40)
at Pages.TravelTicket.chooseTravelMode(TravelTicket.java:40)
at Pages.TravelTicket.chooseTravelMode(TravelTicket.java:40)
at Pages.TravelTicket.chooseTravelMode(TravelTicket.java:40)
at Pages.TravelTicket.chooseTravelMode(TravelTicket.java:40)
at Pages.TravelTicket.chooseTravelMode(TravelTicket.java:40)
at Pages.TravelTicket.chooseTravelMode(TravelTicket.java:40)
at Pages.TravelTicket.chooseTravelMode(TravelTicket.java:40)
at Pages.TravelTicket.chooseTravelMode(TravelTicket.java:40)
at Pages.TravelTicket.chooseTravelMode(TravelTicket.java:40)
at Pages.TravelTicket.chooseTravelMode(TravelTicket.java:40)
at Pages.TravelTicket.chooseTravelMode(TravelTicket.java:40)
at Pages.TravelTicket.chooseTravelMode(TravelTicket.java:40)
at Pages.TravelTicket.chooseTravelMode(TravelTicket.java:40)
at Pages.TravelTicket.chooseTravelMode(TravelTicket.java:40)
at Pages.TravelTicket.chooseTravelMode(TravelTicket.java:40)
at Pages.TravelTicket.chooseTravelMode(TravelTicket.java:40)
at Pages.TravelTicket.chooseTravelMode(TravelTicket.java:40)
at Pages.TravelTicket.chooseTravelMode(TravelTicket.java:40)
at Pages.TravelTicket.chooseTravelMode(TravelTicket.java:40)
at Pages.TravelTicket.chooseTravelMode(TravelTicket.java:40)
at Pages.TravelTicket.chooseTravelMode(TravelTicket.java:40)
at Pages.TravelTicket.chooseTravelMode(TravelTicket.java:40)
at Pages.TravelTicket.chooseTravelMode(TravelTicket.java:40)
at Pages.TravelTicket.chooseTravelMode(TravelTicket.java:40)
at Pages.TravelTicket.chooseTravelMode(TravelTicket.java:40)
at Pages.TravelTicket.chooseTravelMode(TravelTicket.java:40)
at Pages.TravelTicket.chooseTravelMode(TravelTicket.java:40)
at Pages.TravelTicket.chooseTravelMode(TravelTicket.java:40)
at Pages.TravelTicket.chooseTravelMode(TravelTicket.java:40)
at Pages.TravelTicket.chooseTravelMode(TravelTicket.java:40)
at Pages.TravelTicket.chooseTravelMode(TravelTicket.java:40)
at Pages.TravelTicket.chooseTravelMode(TravelTicket.java:40)
at Pages.TravelTicket.chooseTravelMode(TravelTicket.java:40)
at Pages.TravelTicket.chooseTravelMode(TravelTicket.java:40)
at Pages.TravelTicket.chooseTravelMode(TravelTicket.java:40)
at Pages.TravelTicket.chooseTravelMode(TravelTicket.java:40)
at Pages.TravelTicket.chooseTravelMode(TravelTicket.java:40)
at Pages.TravelTicket.chooseTravelMode(TravelTicket.java:40)
at Pages.TravelTicket.chooseTravelMode(TravelTicket.java:40)
at Pages.TravelTicket.chooseTravelMode(TravelTicket.java:40)
at Pages.TravelTicket.chooseTravelMode(TravelTicket.java:40)
at Pages.TravelTicket.chooseTravelMode(TravelTicket.java:40)
at Pages.TravelTicket.chooseTravelMode(TravelTicket.java:40)
at Pages.TravelTicket.chooseTravelMode(TravelTicket.java:40)
at Pages.TravelTicket.chooseTravelMode(TravelTicket.java:40)
at Pages.TravelTicket.chooseTravelMode(TravelTicket.java:40)
at Pages.TravelTicket.chooseTravelMode(TravelTicket.java:40)
at Pages.TravelTicket.chooseTravelMode(TravelTicket.java:40)
at Pages.TravelTicket.chooseTravelMode(TravelTicket.java:40)
at Pages.TravelTicket.chooseTravelMode(TravelTicket.java:40)
at Pages.TravelTicket.chooseTravelMode(TravelTicket.java:40)
at Pages.TravelTicket.chooseTravelMode(TravelTicket.java:40)
at Pages.TravelTicket.chooseTravelMode(TravelTicket.java:40)
at Pages.TravelTicket.chooseTravelMode(TravelTicket.java:40)
at Pages.TravelTicket.chooseTravelMode(TravelTicket.java:40)
at Pages.TravelTicket.chooseTravelMode(TravelTicket.java:40)
at Pages.TravelTicket.chooseTravelMode(TravelTicket.java:40)
at Pages.TravelTicket.chooseTravelMode(TravelTicket.java:40)
at Pages.TravelTicket.chooseTravelMode(TravelTicket.java:40)
at Pages.TravelTicket.chooseTravelMode(TravelTicket.java:40)
at Pages.TravelTicket.chooseTravelMode(TravelTicket.java:40)
at Pages.TravelTicket.chooseTravelMode(TravelTicket.java:40)
at Pages.TravelTicket.chooseTravelMode(TravelTicket.java:40)
at Pages.TravelTicket.chooseTravelMode(TravelTicket.java:40)
at Pages.TravelTicket.chooseTravelMode(TravelTicket.java:40)
at Pages.TravelTicket.chooseTravelMode(TravelTicket.java:40)
at Pages.TravelTicket.chooseTravelMode(TravelTicket.java:40)
at Pages.TravelTicket.chooseTravelMode(TravelTicket.java:40)
at Pages.TravelTicket.chooseTravelMode(TravelTicket.java:40)
at Pages.TravelTicket.chooseTravelMode(TravelTicket.java:40)
at Pages.TravelTicket.chooseTravelMode(TravelTicket.java:40)
at Pages.TravelTicket.chooseTravelMode(TravelTicket.java:40)
at Pages.TravelTicket.chooseTravelMode(TravelTicket.java:40)
at Pages.TravelTicket.chooseTravelMode(TravelTicket.java:40)
at Pages.TravelTicket.chooseTravelMode(TravelTicket.java:40)
at Pages.TravelTicket.chooseTravelMode(TravelTicket.java:40)
at Pages.TravelTicket.chooseTravelMode(TravelTicket.java:40)
at Pages.TravelTicket.chooseTravelMode(TravelTicket.java:40)
at Pages.TravelTicket.chooseTravelMode(TravelTicket.java:40)
at Pages.TravelTicket.chooseTravelMode(TravelTicket.java:40)
at Pages.TravelTicket.chooseTravelMode(TravelTicket.java:40)
at Pages.TravelTicket.chooseTravelMode(TravelTicket.java:40)
at Pages.TravelTicket.chooseTravelMode(TravelTicket.java:40)
at Pages.TravelTicket.chooseTravelMode(TravelTicket.java:40)
at Pages.TravelTicket.chooseTravelMode(TravelTicket.java:40)
at Pages.TravelTicket.chooseTravelMode(TravelTicket.java:40)
at Pages.TravelTicket.chooseTravelMode(TravelTicket.java:40)
at Pages.TravelTicket.chooseTravelMode(TravelTicket.java:40)
at Pages.TravelTicket.chooseTravelMode(TravelTicket.java:40)
at Pages.TravelTicket.chooseTravelMode(TravelTicket.java:40)
at Pages.TravelTicket.chooseTravelMode(TravelTicket.java:40)
at Pages.TravelTicket.chooseTravelMode(TravelTicket.java:40)
at Pages.TravelTicket.chooseTravelMode(TravelTicket.java:40)
at Pages.TravelTicket.chooseTravelMode(TravelTicket.java:40)
at Pages.TravelTicket.chooseTravelMode(TravelTicket.java:40)
at Pages.TravelTicket.chooseTravelMode(TravelTicket.java:40)
at Pages.TravelTicket.chooseTravelMode(TravelTicket.java:40)
at Pages.TravelTicket.chooseTravelMode(TravelTicket.java:40)
at Pages.TravelTicket.chooseTravelMode(TravelTicket.java:40)
at Pages.TravelTicket.chooseTravelMode(TravelTicket.java:40)
at Pages.TravelTicket.chooseTravelMode(TravelTicket.java:40)
at Pages.TravelTicket.chooseTravelMode(TravelTicket.java:40)
at Pages.TravelTicket.chooseTravelMode(TravelTicket.java:40)
at Pages.TravelTicket.chooseTravelMode(TravelTicket.java:40)
at Pages.TravelTicket.chooseTravelMode(TravelTicket.java:40)
at Pages.TravelTicket.chooseTravelMode(TravelTicket.java:40)
at Pages.TravelTicket.chooseTravelMode(TravelTicket.java:40)
at Pages.TravelTicket.chooseTravelMode(TravelTicket.java:40)
at Pages.TravelTicket.chooseTravelMode(TravelTicket.java:40)
at Pages.TravelTicket.chooseTravelMode(TravelTicket.java:40)
at Pages.TravelTicket.chooseTravelMode(TravelTicket.java:40)
at Pages.TravelTicket.chooseTravelMode(TravelTicket.java:40)
at Pages.TravelTicket.chooseTravelMode(TravelTicket.java:40)
at Pages.TravelTicket.chooseTravelMode(TravelTicket.java:40)
at Pages.TravelTicket.chooseTravelMode(TravelTicket.java:40)
at Pages.TravelTicket.chooseTravelMode(TravelTicket.java:40)
at Pages.TravelTicket.chooseTravelMode(TravelTicket.java:40)
at Pages.TravelTicket.chooseTravelMode(TravelTicket.java:40)
at Pages.TravelTicket.chooseTravelMode(TravelTicket.java:40)
at Pages.TravelTicket.chooseTravelMode(TravelTicket.java:40)
at Pages.TravelTicket.chooseTravelMode(TravelTicket.java:40)
at Pages.TravelTicket.chooseTravelMode(TravelTicket.java:40)
at Pages.TravelTicket.chooseTravelMode(TravelTicket.java:40)
at Pages.TravelTicket.chooseTravelMode(TravelTicket.java:40)
at Pages.TravelTicket.chooseTravelMode(TravelTicket.java:40)
at Pages.TravelTicket.chooseTravelMode(TravelTicket.java:40)
at Pages.TravelTicket.chooseTravelMode(TravelTicket.java:40)
at Pages.TravelTicket.chooseTravelMode(TravelTicket.java:40)
at Pages.TravelTicket.chooseTravelMode(TravelTicket.java:40)
at Pages.TravelTicket.chooseTravelMode(TravelTicket.java:40)
at Pages.TravelTicket.chooseTravelMode(TravelTicket.java:40)
at Pages.TravelTicket.chooseTravelMode(TravelTicket.java:40)
at Pages.TravelTicket.chooseTravelMode(TravelTicket.java:40)
at Pages.TravelTicket.chooseTravelMode(TravelTicket.java:40)
at Pages.TravelTicket.chooseTravelMode(TravelTicket.java:40)
at Pages.TravelTicket.chooseTravelMode(TravelTicket.java:40)
at Pages.TravelTicket.chooseTravelMode(TravelTicket.java:40)
at Pages.TravelTicket.chooseTravelMode(TravelTicket.java:40)
at Pages.TravelTicket.chooseTravelMode(TravelTicket.java:40)
at Pages.TravelTicket.chooseTravelMode(TravelTicket.java:40)
at Pages.TravelTicket.chooseTravelMode(TravelTicket.java:40)
at Pages.TravelTicket.chooseTravelMode(TravelTicket.java:40)
at Pages.TravelTicket.chooseTravelMode(TravelTicket.java:40)
at Pages.TravelTicket.chooseTravelMode(TravelTicket.java:40)
at Pages.TravelTicket.chooseTravelMode(TravelTicket.java:40)
]]>
    </error>
  </testcase> <!-- verifyDateInNextPageTest -->
</testsuite> <!-- testCases.TravelTicketTest -->
