<?xml version="1.0" encoding="UTF-8"?>
<!-- Generated by org.testng.reporters.JUnitReportReporter -->
<testsuite skipped="0" hostname="LAPTOP-OI9FLFD4" name="tests.AreaOfTriangleTest" tests="2" failures="0" timestamp="2020-08-31T19:46:28 IST" time="0.019" errors="0">
  <testcase name="testAreaWithNegativeValue" time="0.017" classname="tests.AreaOfTriangleTest"/>
  <testcase name="testAreaWithPositiveValue" time="0.002" classname="tests.AreaOfTriangleTest"/>
</testsuite> <!-- tests.AreaOfTriangleTest -->
